2025-10-07 18:50:37, MOVE, v:1, k:poo@chinela, mode:PICK
2025-10-07 18:50:38, EXEC, v:1, k:poo@chinela, mode:LOCK, rate:0, size:23
2025-10-07 18:51:42, EXEC, v:1, k:poo@chinela, mode:LOCK, rate:0, size:23
2025-10-07 18:51:43, EXEC, v:1, k:poo@chinela, mode:LOCK, rate:0
2025-10-07 18:51:43, EXEC, v:1, k:poo@chinela, mode:LOCK, rate:0
2025-10-07 18:51:44, EXEC, v:1, k:poo@chinela, mode:LOCK, rate:0
2025-10-07 18:51:55, EXEC, v:1, k:poo@chinela, mode:LOCK, rate:0
2025-10-07 18:53:34, MOVE, v:1, k:poo@chinela, mode:BACK
2025-10-07 18:53:36, MOVE, v:1, k:poo@chinela, mode:PICK
2025-10-07 18:53:37, EXEC, v:1, k:poo@chinela, mode:LOCK, rate:0
2025-10-07 18:56:10, EXEC, v:1, k:poo@chinela, mode:LOCK, rate:0, size:25
2025-10-07 18:56:10, EXEC, v:1, k:poo@chinela, mode:LOCK, rate:0, size:25
2025-10-07 18:56:10, EXEC, v:1, k:poo@chinela, mode:LOCK, rate:0, size:25
2025-10-07 18:56:11, EXEC, v:1, k:poo@chinela, mode:LOCK, rate:0
2025-10-07 18:56:32, EXEC, v:1, k:poo@chinela, mode:LOCK, rate:100, size:25
2025-10-07 18:56:42, EXEC, v:1, k:poo@chinela, mode:LOCK, rate:0, size:25
2025-10-07 18:56:58, EXEC, v:1, k:poo@chinela, mode:LOCK, rate:0, size:24
2025-10-07 18:56:59, EXEC, v:1, k:poo@chinela, mode:LOCK, rate:0
2025-10-07 18:57:10, MOVE, v:1, k:poo@chinela, mode:PICK
2025-10-07 18:57:11, EXEC, v:1, k:poo@chinela, mode:LOCK, rate:0, size:25
2025-10-07 18:59:15, EXEC, v:1, k:poo@chinela, mode:LOCK, rate:0, size:29
2025-10-07 18:59:30, EXEC, v:1, k:poo@chinela, mode:LOCK, rate:0, size:29
2025-10-07 19:00:10, EXEC, v:1, k:poo@chinela, mode:LOCK, rate:0, size:30
2025-10-07 19:00:41, EXEC, v:1, k:poo@chinela, mode:FREE
2025-10-07 19:00:59, EXEC, v:1, k:poo@chinela, mode:FREE
2025-10-07 19:01:41, EXEC, v:1, k:poo@chinela, mode:FREE, size:29
2025-10-07 19:04:58, EXEC, v:1, k:poo@chinela, mode:FREE, size:31
2025-10-07 19:05:28, EXEC, v:1, k:poo@chinela, mode:FREE, size:31
2025-10-07 19:05:43, EXEC, v:1, k:poo@chinela, mode:FREE, size:30
2025-10-07 19:06:28, EXEC, v:1, k:poo@chinela, mode:FREE, size:31
2025-10-07 19:07:13, EXEC, v:1, k:poo@chinela, mode:FREE
2025-10-07 19:07:18, EXEC, v:1, k:poo@chinela, mode:FREE
2025-10-07 19:08:50, EXEC, v:1, k:poo@chinela, mode:FREE, size:30
2025-10-07 19:10:23, EXEC, v:1, k:poo@chinela, mode:FREE, size:31
2025-10-07 19:10:41, EXEC, v:1, k:poo@chinela, mode:FREE, size:30
2025-10-07 19:11:45, EXEC, v:1, k:poo@chinela, mode:FREE, size:30
2025-10-07 19:12:09, EXEC, v:1, k:poo@chinela, mode:FREE, size:30
2025-10-07 19:13:02, EXEC, v:1, k:poo@chinela, mode:FREE, size:30
2025-10-07 19:13:20, EXEC, v:1, k:poo@chinela, mode:FREE
2025-10-07 19:14:46, EXEC, v:1, k:poo@chinela, mode:FREE, size:30
2025-10-07 19:36:22, EXEC, v:1, k:poo@chinela, mode:FREE, size:30
2025-10-07 19:36:33, EXEC, v:1, k:poo@chinela, mode:FREE
2025-10-07 19:36:45, EXEC, v:1, k:poo@chinela, mode:FREE, size:30
2025-10-07 19:36:48, EXEC, v:1, k:poo@chinela, mode:FREE
2025-10-07 19:36:52, EXEC, v:1, k:poo@chinela, mode:FREE
2025-10-07 19:37:02, EXEC, v:1, k:poo@chinela, mode:FREE
2025-10-07 19:37:09, EXEC, v:1, k:poo@chinela, mode:FREE
2025-10-07 19:37:26, EXEC, v:1, k:poo@chinela, mode:FREE, size:31
2025-10-07 19:38:01, MOVE, v:1, k:poo@chinela, mode:BACK
2025-10-07 19:38:04, MOVE, v:1, k:poo@camisa, mode:DOWN
2025-10-07 19:38:06, MOVE, v:1, k:poo@camisa, mode:PICK
2025-10-07 19:38:13, MOVE, v:1, k:poo@camisa, mode:BACK
2025-10-07 19:39:12, MOVE, v:1, k:poo@camisa, mode:PICK
2025-10-07 19:39:13, EXEC, v:1, k:poo@camisa, mode:LOCK, rate:100, size:0
2025-10-07 19:48:24, EXEC, v:1, k:poo@camisa, mode:FREE, size:25
2025-10-07 19:56:31, EXEC, v:1, k:poo@camisa, mode:FREE, size:26
2025-10-07 19:59:39, MOVE, v:1, k:poo@camisa, mode:PICK
2025-10-07 19:59:39, EXEC, v:1, k:poo@camisa, mode:LOCK, rate:0, size:26
2025-10-07 19:59:41, EXEC, v:1, k:poo@camisa, mode:FREE
