2025-10-11 17:50:43, MOVE, v:1, k:poo@camisa, mode:PICK
2025-10-11 17:50:44, EXEC, v:1, k:poo@camisa, mode:LOCK, rate:0, size:35
2025-10-11 17:50:46, EXEC, v:1, k:poo@camisa, mode:FREE
2025-10-11 17:50:57, EXEC, v:1, k:poo@camisa, mode:LOCK, rate:0
2025-10-11 17:51:05, MOVE, v:1, k:poo@camisa, mode:BACK
2025-10-11 17:51:14, MOVE, v:1, k:poo@roupa, mode:DOWN
2025-10-11 17:51:15, MOVE, v:1, k:poo@roupa, mode:PICK
2025-10-11 17:55:46, MOVE, v:1, k:poo@roupa, mode:PICK
2025-10-11 17:55:48, EXEC, v:1, k:poo@roupa, mode:FULL, rate:0, size:9
2025-10-11 17:58:00, EXEC, v:1, k:poo@roupa, mode:FULL, rate:0
2025-10-11 17:59:25, EXEC, v:1, k:poo@roupa, mode:FULL, rate:0, size:16
2025-10-11 17:59:25, EXEC, v:1, k:poo@roupa, mode:FULL, rate:0, size:16
2025-10-11 18:02:34, EXEC, v:1, k:poo@roupa, mode:FULL, rate:0, size:20
2025-10-11 18:06:11, EXEC, v:1, k:poo@roupa, mode:FULL, rate:0, size:20
2025-10-11 18:10:38, EXEC, v:1, k:poo@roupa, mode:FULL, rate:0, size:33
2025-10-11 18:16:05, EXEC, v:1, k:poo@roupa, mode:FULL, rate:0, size:35
2025-10-11 18:17:08, EXEC, v:1, k:poo@roupa, mode:FULL, rate:0, size:35
2025-10-11 18:19:00, EXEC, v:1, k:poo@roupa, mode:FULL, rate:0, size:35
2025-10-11 18:19:01, EXEC, v:1, k:poo@roupa, mode:FULL, rate:0
2025-10-11 18:19:18, EXEC, v:1, k:poo@roupa, mode:FULL, rate:0, size:35
2025-10-11 18:19:19, EXEC, v:1, k:poo@roupa, mode:FULL, rate:0
2025-10-11 18:19:19, EXEC, v:1, k:poo@roupa, mode:FULL, rate:0
2025-10-11 18:20:01, EXEC, v:1, k:poo@roupa, mode:FULL, rate:0, size:35
2025-10-11 18:20:02, EXEC, v:1, k:poo@roupa, mode:FULL, rate:0
2025-10-11 18:20:02, EXEC, v:1, k:poo@roupa, mode:FULL, rate:0
2025-10-11 18:20:15, EXEC, v:1, k:poo@roupa, mode:FULL, rate:0, size:35
2025-10-11 18:20:15, EXEC, v:1, k:poo@roupa, mode:FULL, rate:0, size:35
2025-10-11 18:20:16, EXEC, v:1, k:poo@roupa, mode:FULL, rate:0, size:35
2025-10-11 18:20:16, EXEC, v:1, k:poo@roupa, mode:FULL, rate:0, size:35
2025-10-11 18:22:05, EXEC, v:1, k:poo@roupa, mode:FULL, rate:0, size:35
2025-10-11 18:22:59, EXEC, v:1, k:poo@roupa, mode:FULL, rate:0, size:35
2025-10-11 18:24:58, EXEC, v:1, k:poo@roupa, mode:FULL, rate:0, size:35
2025-10-11 18:32:26, EXEC, v:1, k:poo@roupa, mode:FULL, rate:100, size:37
2025-10-11 18:32:39, EXEC, v:1, k:poo@roupa, mode:FULL, rate:100
2025-10-11 18:32:41, EXEC, v:1, k:poo@roupa, mode:FULL, rate:100
2025-10-11 18:33:19, MOVE, v:1, k:poo@roupa, mode:BACK
2025-10-11 18:33:32, MOVE, v:1, k:poo@camisa, mode:PICK
2025-10-11 18:33:34, EXEC, v:1, k:poo@camisa, mode:LOCK, rate:0, size:35
2025-10-11 18:33:35, EXEC, v:1, k:poo@camisa, mode:LOCK, rate:0
2025-10-11 18:33:41, MOVE, v:1, k:poo@camisa, mode:BACK
2025-10-11 18:33:43, MOVE, v:1, k:poo@roupa, mode:PICK
2025-10-11 18:33:44, EXEC, v:1, k:poo@roupa, mode:FULL, rate:100
2025-10-11 18:33:47, MOVE, v:1, k:poo@roupa, mode:BACK
2025-10-11 18:34:09, MOVE, v:1, k:poo@roupa, mode:PICK
2025-10-11 18:34:50, EXEC, v:1, k:poo@roupa, mode:FULL, rate:0, size:34
2025-10-11 18:34:58, EXEC, v:1, k:poo@roupa, mode:FULL, rate:100, size:34
2025-10-11 18:35:54, MOVE, v:1, k:poo@roupa, mode:BACK
2025-10-11 18:35:59, MOVE, v:1, k:poo@roupa, mode:PICK
2025-10-11 18:36:06, EXEC, v:1, k:poo@roupa, mode:FULL, rate:100
2025-10-11 18:38:12, MOVE, v:1, k:poo@roupa, mode:BACK
2025-10-11 18:38:15, MOVE, v:1, k:poo@roupa, mode:PICK
2025-10-11 18:38:20, EXEC, v:1, k:poo@roupa, mode:FULL, rate:100
2025-10-11 18:38:20, EXEC, v:1, k:poo@roupa, mode:FULL, rate:100
2025-10-11 18:39:48, EXEC, v:1, k:poo@roupa, mode:FULL, rate:100
2025-10-11 18:39:49, EXEC, v:1, k:poo@roupa, mode:FULL, rate:100
2025-10-11 18:39:51, MOVE, v:1, k:poo@roupa, mode:BACK
